#
# There is insufficient memory for the Java Runtime Environment to continue.
# Native memory allocation (mmap) failed to map 199229440 bytes for Failed to commit area from 0x0000000742c00000 to 0x000000074ea00000 of length 199229440.
# Possible reasons:
#   The system is out of physical RAM or swap space
#   The process is running with CompressedOops enabled, and the Java Heap may be blocking the growth of the native heap
# Possible solutions:
#   Reduce memory load on the system
#   Increase physical memory or swap space
#   Check if swap backing store is full
#   Decrease Java heap size (-Xmx/-Xms)
#   Decrease number of Java threads
#   Decrease Java thread stack sizes (-Xss)
#   Set larger code cache with -XX:ReservedCodeCacheSize=
# This output file may be truncated or incomplete.
#
#  Out of Memory Error (src/hotspot/os/windows/os_windows.cpp:3624), pid=10764, tid=13248
#
# JRE version:  (11.0.14.1+1) (build )
# Java VM: OpenJDK 64-Bit Server VM (11.0.14.1+1-b2043.45, mixed mode, sharing, tiered, compressed oops, g1 gc, windows-amd64)
# No core dump will be written. Minidumps are not enabled by default on client versions of Windows
#

---------------  S U M M A R Y ------------

Command Line: externalApp.nativessh.NativeSshAskPassApp Enter passphrase for key '/c/Users/levovskii/.ssh/id_ed25519': 

Host: Intel(R) Core(TM) i3-8145U CPU @ 2.10GHz, 4 cores, 11G,  Windows 10 , 64 bit Build 19041 (10.0.19041.1503)
Time: Sat Jul 23 11:29:32 2022 RTZ 4 (зима) elapsed time: 0.110493 seconds (0d 0h 0m 0s)

---------------  T H R E A D  ---------------

Current thread (0x000002a238ecb800):  JavaThread "Unknown thread" [_thread_in_vm, id=13248, stack(0x000000b6bb000000,0x000000b6bb100000)]

Stack: [0x000000b6bb000000,0x000000b6bb100000]
Native frames: (J=compiled Java code, j=interpreted, Vv=VM code, C=native code)
V  [jvm.dll+0x61618a]
V  [jvm.dll+0x79c450]
V  [jvm.dll+0x79da6d]
V  [jvm.dll+0x79e143]
V  [jvm.dll+0x24c968]
V  [jvm.dll+0x6131f4]
V  [jvm.dll+0x607ef5]
V  [jvm.dll+0x30b35b]
V  [jvm.dll+0x30b2ca]
V  [jvm.dll+0x30b1a2]
V  [jvm.dll+0x3100f6]
V  [jvm.dll+0x35b7e3]
V  [jvm.dll+0x35bee6]
V  [jvm.dll+0x35b8e3]
V  [jvm.dll+0x2e5b68]
V  [jvm.dll+0x2e6d17]
V  [jvm.dll+0x779087]
V  [jvm.dll+0x77a87c]
V  [jvm.dll+0x368d99]
V  [jvm.dll+0x75c9de]
V  [jvm.dll+0x3d6d53]
V  [jvm.dll+0x3d92f1]
C  [jli.dll+0x536b]
C  [ucrtbase.dll+0x21bb2]
C  [KERNEL32.DLL+0x17034]
C  [ntdll.dll+0x52651]


---------------  P R O C E S S  ---------------

Threads class SMR info:
_java_thread_list=0x000002a236d42d80, length=0, elements={
}

Java Threads: ( => current thread )

Other Threads:
  0x000002a238ee6800 GCTaskThread "GC Thread#0" [stack: 0x000000b6bb100000,0x000000b6bb200000] [id=8128]
  0x000002a238f2b000 ConcurrentGCThread "G1 Main Marker" [stack: 0x000000b6bb200000,0x000000b6bb300000] [id=4536]
  0x000002a238f2c800 ConcurrentGCThread "G1 Conc#0" [stack: 0x000000b6bb300000,0x000000b6bb400000] [id=1712]

[error occurred during error reporting (printing all threads), id 0xc0000005, EXCEPTION_ACCESS_VIOLATION (0xc0000005) at pc=0x00007ffb28276177]

VM state:not at safepoint (not fully initialized)

VM Mutex/Monitor currently owned by a thread:  ([mutex/lock_event])
[0x000002a238ec8130] Heap_lock - owner thread: 0x000002a238ecb800

Heap address: 0x0000000742c00000, size: 3028 MB, Compressed Oops mode: Non-zero based: 0x0000000742c00000
Narrow klass base: 0x0000000000000000, Narrow klass shift: 0

GC Heap History (0 events):
No events

Deoptimization events (0 events):
No events

Classes redefined (0 events):
No events

Internal exceptions (0 events):
No events

Events (1 events):
Event: 0.072 Loaded shared library C:\Users\levovskii\AppData\Local\JetBrains\Toolbox\apps\WebStorm\ch-0\221.5591.52\jbr\bin\zip.dll


Dynamic libraries:
0x00007ff6e7d00000 - 0x00007ff6e7d0a000 	C:\Users\levovskii\AppData\Local\JetBrains\Toolbox\apps\WebStorm\ch-0\221.5591.52\jbr\bin\java.exe
0x00007ffb4c210000 - 0x00007ffb4c405000 	C:\Windows\SYSTEM32\ntdll.dll
0x00007ffb4bb20000 - 0x00007ffb4bbde000 	C:\Windows\System32\KERNEL32.DLL
0x00007ffb49c10000 - 0x00007ffb49ed8000 	C:\Windows\System32\KERNELBASE.dll
0x00007ffb49f50000 - 0x00007ffb4a050000 	C:\Windows\System32\ucrtbase.dll
0x00007ffb34460000 - 0x00007ffb34479000 	C:\Users\levovskii\AppData\Local\JetBrains\Toolbox\apps\WebStorm\ch-0\221.5591.52\jbr\bin\jli.dll
0x00007ffb4a520000 - 0x00007ffb4a6c0000 	C:\Windows\System32\USER32.dll
0x00007ffb49920000 - 0x00007ffb49942000 	C:\Windows\System32\win32u.dll
0x00007ffb33e70000 - 0x00007ffb3410a000 	C:\Windows\WinSxS\amd64_microsoft.windows.common-controls_6595b64144ccf1df_6.0.19041.1110_none_60b5254171f9507e\COMCTL32.dll
0x00007ffb4a770000 - 0x00007ffb4a79b000 	C:\Windows\System32\GDI32.dll
0x00007ffb49b00000 - 0x00007ffb49c0d000 	C:\Windows\System32\gdi32full.dll
0x00007ffb4a080000 - 0x00007ffb4a11d000 	C:\Windows\System32\msvcp_win.dll
0x00007ffb33bf0000 - 0x00007ffb33c06000 	C:\Users\levovskii\AppData\Local\JetBrains\Toolbox\apps\WebStorm\ch-0\221.5591.52\jbr\bin\VCRUNTIME140.dll
0x00007ffb4a480000 - 0x00007ffb4a51e000 	C:\Windows\System32\msvcrt.dll
0x00007ffb4ad50000 - 0x00007ffb4ad80000 	C:\Windows\System32\IMM32.DLL
0x00007ffb266d0000 - 0x00007ffb2677a000 	C:\Users\levovskii\AppData\Local\JetBrains\Toolbox\apps\WebStorm\ch-0\221.5591.52\jbr\bin\msvcp140.dll
0x00007ffb27f80000 - 0x00007ffb28afa000 	C:\Users\levovskii\AppData\Local\JetBrains\Toolbox\apps\WebStorm\ch-0\221.5591.52\jbr\bin\server\jvm.dll
0x00007ffb4be80000 - 0x00007ffb4bf2e000 	C:\Windows\System32\ADVAPI32.dll
0x00007ffb4afb0000 - 0x00007ffb4b04c000 	C:\Windows\System32\sechost.dll
0x00007ffb4bc90000 - 0x00007ffb4bdb5000 	C:\Windows\System32\RPCRT4.dll
0x00007ffb4a470000 - 0x00007ffb4a478000 	C:\Windows\System32\PSAPI.DLL
0x00007ffb44c90000 - 0x00007ffb44c99000 	C:\Windows\SYSTEM32\WSOCK32.dll
0x00007ffb2f620000 - 0x00007ffb2f647000 	C:\Windows\SYSTEM32\WINMM.dll
0x00007ffb43ef0000 - 0x00007ffb43efa000 	C:\Windows\SYSTEM32\VERSION.dll
0x00007ffb4c160000 - 0x00007ffb4c1cb000 	C:\Windows\System32\WS2_32.dll
0x00007ffb48190000 - 0x00007ffb481a2000 	C:\Windows\SYSTEM32\kernel.appcore.dll
0x00007ffb44c70000 - 0x00007ffb44c81000 	C:\Users\levovskii\AppData\Local\JetBrains\Toolbox\apps\WebStorm\ch-0\221.5591.52\jbr\bin\verify.dll
0x00007ffb476b0000 - 0x00007ffb47894000 	C:\Windows\SYSTEM32\DBGHELP.DLL
0x00007ffb316c0000 - 0x00007ffb316ec000 	C:\Windows\SYSTEM32\dbgcore.DLL
0x00007ffb4a1d0000 - 0x00007ffb4a252000 	C:\Windows\System32\bcryptPrimitives.dll
0x00007ffb44420000 - 0x00007ffb44449000 	C:\Users\levovskii\AppData\Local\JetBrains\Toolbox\apps\WebStorm\ch-0\221.5591.52\jbr\bin\java.dll
0x00007ffb44c60000 - 0x00007ffb44c6b000 	C:\Users\levovskii\AppData\Local\JetBrains\Toolbox\apps\WebStorm\ch-0\221.5591.52\jbr\bin\jimage.dll
0x00007ffb44400000 - 0x00007ffb44419000 	C:\Users\levovskii\AppData\Local\JetBrains\Toolbox\apps\WebStorm\ch-0\221.5591.52\jbr\bin\zip.dll

dbghelp: loaded successfully - version: 4.0.5 - missing functions: none
symbol engine: initialized successfully - sym options: 0x614 - pdb path: .;C:\Users\levovskii\AppData\Local\JetBrains\Toolbox\apps\WebStorm\ch-0\221.5591.52\jbr\bin;C:\Windows\SYSTEM32;C:\Windows\WinSxS\amd64_microsoft.windows.common-controls_6595b64144ccf1df_6.0.19041.1110_none_60b5254171f9507e;C:\Users\levovskii\AppData\Local\JetBrains\Toolbox\apps\WebStorm\ch-0\221.5591.52\jbr\bin\server

VM Arguments:
java_command: externalApp.nativessh.NativeSshAskPassApp Enter passphrase for key '/c/Users/levovskii/.ssh/id_ed25519': 
java_class_path (initial): C:/Users/levovskii/AppData/Local/JetBrains/Toolbox/apps/WebStorm/ch-0/221.5591.52/lib/externalProcess-rt.jar;C:/Users/levovskii/AppData/Local/JetBrains/Toolbox/apps/WebStorm/ch-0/221.5591.52/lib/app.jar;C:/Users/levovskii/AppData/Local/JetBrains/Toolbox/apps/WebStorm/ch-0/221.5591.52/lib/3rd-party-rt.jar
Launcher Type: SUN_STANDARD

[Global flags]
     intx CICompilerCount                          = 3                                         {product} {ergonomic}
     uint ConcGCThreads                            = 1                                         {product} {ergonomic}
     uint G1ConcRefinementThreads                  = 4                                         {product} {ergonomic}
   size_t G1HeapRegionSize                         = 1048576                                   {product} {ergonomic}
    uintx GCDrainStackTargetSize                   = 64                                        {product} {ergonomic}
   size_t InitialHeapSize                          = 199229440                                 {product} {ergonomic}
   size_t MarkStackSize                            = 4194304                                   {product} {ergonomic}
   size_t MaxHeapSize                              = 3175088128                                {product} {ergonomic}
   size_t MinHeapDeltaBytes                        = 1048576                                   {product} {ergonomic}
    uintx NonNMethodCodeHeapSize                   = 5830732                                {pd product} {ergonomic}
    uintx NonProfiledCodeHeapSize                  = 122913754                              {pd product} {ergonomic}
    uintx ProfiledCodeHeapSize                     = 122913754                              {pd product} {ergonomic}
    uintx ReservedCodeCacheSize                    = 251658240                              {pd product} {ergonomic}
     bool SegmentedCodeCache                       = true                                      {product} {ergonomic}
     bool UseCompressedClassPointers               = true                                 {lp64_product} {ergonomic}
     bool UseCompressedOops                        = true                                 {lp64_product} {ergonomic}
     bool UseG1GC                                  = true                                      {product} {ergonomic}
     bool UseLargePagesIndividualAllocation        = false                                  {pd product} {ergonomic}

Logging:
Log output configuration:
 #0: stdout all=warning uptime,level,tags
 #1: stderr all=off uptime,level,tags

Environment Variables:
PATH=C:\Program Files\Git\mingw64\libexec\git-core;C:\Program Files\Git\mingw64\bin;C:\Program Files\Git\usr\bin;C:\Users\levovskii\bin;C:\Program Files\Common Files\Oracle\Java\javapath;C:\Program Files (x86)\Common Files\Oracle\Java\javapath;C:\Windows\system32;C:\Windows;C:\Windows\System32\Wbem;C:\Windows\System32\WindowsPowerShell\v1.0;C:\Program Files\Git\cmd;C:\Program Files\Java\jdk-11.0.13\bin;C:\msys64\mingw64\bin;C:\Program Files\Microsoft SQL Server\150\Tools\Binn;C:\Program Files\Microsoft SQL Server\Client SDK\ODBC\170\Tools\Binn;C:\Program Files\dotnet;C:\Program Files\Microsoft VS Code\bin;C:\ProgramData\chocolatey\bin;C:\ProgramData\chocolatey\lib\Elixir\bin;C:\Program Files\nodejs;C:\Users\levovskii\AppData\Local\Programs\Python\Python310\Scripts;C:\Users\levovskii\AppData\Local\Programs\Python\Python310;C:\Users\levovskii\AppData\Local\Microsoft\WindowsApps;C:\Users\levovskii\.dotnet\tools;C:\Program Files\JetBrains\JetBrains Rider 2021.3.1\bin;C:\Program Files\JetBrains\PyCharm Community Edition 2021.3.1\bin;C:\Users\levovskii\AppData\Local\GitHubDesktop\bin;C:\Users\levovskii\AppData\Local\inkdrop\bin;C:\Users\levovskii\AppData\Local\Programs\Hyper\resources\bin;C:\Users\levovskii\AppData\Roaming\npm
USERNAME=levovskii
DISPLAY=:0.0
LC_ALL=en_US.UTF-8
OS=Windows_NT
PROCESSOR_IDENTIFIER=Intel64 Family 6 Model 142 Stepping 11, GenuineIntel



---------------  S Y S T E M  ---------------

OS: Windows 10 , 64 bit Build 19041 (10.0.19041.1503)
OS uptime: 1 days 14:56 hours
Hyper-V role detected

CPU:total 4 (initial active 4) (2 cores per cpu, 2 threads per core) family 6 model 142 stepping 11 microcode 0xea, cmov, cx8, fxsr, mmx, sse, sse2, sse3, ssse3, sse4.1, sse4.2, popcnt, avx, avx2, aes, clmul, erms, 3dnowpref, lzcnt, ht, tsc, tscinvbit, bmi1, bmi2, adx, fma

Memory: 4k page, system-wide physical 12110M (503M free)
TotalPageFile size 12110M (AvailPageFile size 151M)
current process WorkingSet (physical memory assigned to process): 10M, peak: 10M
current process commit charge ("private bytes"): 51M, peak: 241M

vm_info: OpenJDK 64-Bit Server VM (11.0.14.1+1-b2043.45) for windows-amd64 JRE (11.0.14.1+1-b2043.45), built on Apr 25 2022 05:49:45 by "" with MS VC++ 14.0 (VS2015)

END.
